2025-05-23 15:56:27,886 - INFO - 开始解压操作...
2025-05-23 15:56:27,887 - INFO - Extracting D:\Music\Pascal\Work\李茂山\李茂山 - ?明的女人（?圈T123-01）[WAV整?].rar ...
2025-05-23 15:56:27,981 - INFO - could not find a 'file' executable, falling back to guess mime type by file extension
2025-05-23 15:56:28,007 - INFO - running "C:\Program Files\7-Zip\7z.EXE" x -aou -oD:\Music\Pascal\Work\李茂山\_temp_ -- "D:\Music\Pascal\Work\李茂山\李茂山 - ?明的女人（?圈T123-01）[WAV整?].rar"
2025-05-23 15:56:31,797 - INFO - ... D:\Music\Pascal\Work\李茂山\李茂山 - ?明的女人（?圈T123-01）[WAV整?].rar extracted to `D:\Music\Pascal\Work\李茂山\_temp_'.
2025-05-23 15:56:31,798 - INFO - 成功解压: 李茂山 - 聪明的女人（银圈T123-01）[WAV整轨].rar
2025-05-23 15:56:31,798 - INFO - Extracting D:\Music\Pascal\Work\李茂山\李茂山 -《深深的?》2008年 瑞?唱片 [WAV+CUE].rar ...
2025-05-23 15:56:31,798 - INFO - could not find a 'file' executable, falling back to guess mime type by file extension
2025-05-23 15:56:31,807 - INFO - running "C:\Program Files\7-Zip\7z.EXE" x -aou -oD:\Music\Pascal\Work\李茂山\_temp_ -- "D:\Music\Pascal\Work\李茂山\李茂山 -《深深的?》2008年 瑞?唱片 [WAV+CUE].rar"
2025-05-23 15:56:36,137 - INFO - ... D:\Music\Pascal\Work\李茂山\李茂山 -《深深的?》2008年 瑞?唱片 [WAV+CUE].rar extracted to `D:\Music\Pascal\Work\李茂山\_temp_'.
2025-05-23 15:56:36,137 - INFO - 成功解压: 李茂山 -《深深的爱》2008年 瑞华唱片 [WAV+CUE].rar
2025-05-23 15:56:36,138 - INFO - Extracting D:\Music\Pascal\Work\李茂山\李茂山 《再起?山 》WAV整?.zip ...
2025-05-23 15:56:36,138 - INFO - could not find a 'file' executable, falling back to guess mime type by file extension
2025-05-23 15:56:36,138 - INFO - running "C:\Program Files\7-Zip\7z.EXE" x -aou -oD:\Music\Pascal\Work\李茂山\_temp_ -- "D:\Music\Pascal\Work\李茂山\李茂山 《再起?山 》WAV整?.zip"
2025-05-23 15:56:38,640 - INFO - ... D:\Music\Pascal\Work\李茂山\李茂山 《再起?山 》WAV整?.zip extracted to `D:\Music\Pascal\Work\李茂山\_temp_'.
2025-05-23 15:56:38,640 - INFO - 成功解压: 李茂山 《再起东山 》WAV整轨.zip
2025-05-23 15:56:38,641 - INFO - Extracting D:\Music\Pascal\Work\李茂山\李茂山 台?金曲1今夜又??落雨[WAV整?].rar ...
2025-05-23 15:56:38,641 - INFO - could not find a 'file' executable, falling back to guess mime type by file extension
2025-05-23 15:56:38,651 - INFO - running "C:\Program Files\7-Zip\7z.EXE" x -aou -oD:\Music\Pascal\Work\李茂山\_temp_ -- "D:\Music\Pascal\Work\李茂山\李茂山 台?金曲1今夜又??落雨[WAV整?].rar"
2025-05-23 15:56:44,411 - INFO - ... D:\Music\Pascal\Work\李茂山\李茂山 台?金曲1今夜又??落雨[WAV整?].rar extracted to `D:\Music\Pascal\Work\李茂山\_temp_'.
2025-05-23 15:56:44,411 - INFO - 成功解压: 李茂山 台语金曲1今夜又搁块落雨[WAV整轨].rar
2025-05-23 15:56:44,411 - INFO - Extracting D:\Music\Pascal\Work\李茂山\李茂山 心?的?有一天你?了解 台?版 WAV CUE.zip ...
2025-05-23 15:56:44,411 - INFO - could not find a 'file' executable, falling back to guess mime type by file extension
2025-05-23 15:56:44,411 - INFO - running "C:\Program Files\7-Zip\7z.EXE" x -aou -oD:\Music\Pascal\Work\李茂山\_temp_ -- "D:\Music\Pascal\Work\李茂山\李茂山 心?的?有一天你?了解 台?版 WAV CUE.zip"
2025-05-23 15:56:47,341 - INFO - ... D:\Music\Pascal\Work\李茂山\李茂山 心?的?有一天你?了解 台?版 WAV CUE.zip extracted to `D:\Music\Pascal\Work\李茂山\_temp_'.
2025-05-23 15:56:47,342 - INFO - 成功解压: 李茂山 心爱的总有一天你会了解 台湾版 WAV CUE.zip
2025-05-23 15:56:47,343 - INFO - Extracting D:\Music\Pascal\Work\李茂山\李茂山.1985 - 盼你回?【瑞?】【WAV+CUE】.rar ...
2025-05-23 15:56:47,343 - INFO - could not find a 'file' executable, falling back to guess mime type by file extension
2025-05-23 15:56:47,359 - INFO - running "C:\Program Files\7-Zip\7z.EXE" x -aou -oD:\Music\Pascal\Work\李茂山\_temp_ -- "D:\Music\Pascal\Work\李茂山\李茂山.1985 - 盼你回?【瑞?】【WAV+CUE】.rar"
2025-05-23 15:56:49,920 - INFO - ... D:\Music\Pascal\Work\李茂山\李茂山.1985 - 盼你回?【瑞?】【WAV+CUE】.rar extracted to `D:\Music\Pascal\Work\李茂山\_temp_'.
2025-05-23 15:56:49,921 - INFO - 成功解压: 李茂山.1985 - 盼你回头【瑞华】【WAV+CUE】.rar
2025-05-23 15:56:49,921 - INFO - Extracting D:\Music\Pascal\Work\李茂山\李茂山.1986 - ?言的?局（2006黑?雷射小碟王复刻系列）【瑞?】【WAV+CUE】.rar ...
2025-05-23 15:56:49,921 - INFO - could not find a 'file' executable, falling back to guess mime type by file extension
2025-05-23 15:56:49,931 - INFO - running "C:\Program Files\7-Zip\7z.EXE" x -aou -oD:\Music\Pascal\Work\李茂山\_temp_ -- "D:\Music\Pascal\Work\李茂山\李茂山.1986 - ?言的?局（2006黑?雷射小碟王复刻系列）【瑞?】【WAV+CUE】.rar"
2025-05-23 15:56:51,939 - INFO - ... D:\Music\Pascal\Work\李茂山\李茂山.1986 - ?言的?局（2006黑?雷射小碟王复刻系列）【瑞?】【WAV+CUE】.rar extracted to `D:\Music\Pascal\Work\李茂山\_temp_'.
2025-05-23 15:56:51,940 - INFO - 成功解压: 李茂山.1986 - 无言的结局（2006黑胶雷射小碟王复刻系列）【瑞华】【WAV+CUE】.rar
2025-05-23 15:56:51,940 - INFO - Extracting D:\Music\Pascal\Work\李茂山\李茂山.1987 - 生日快?·曾???（2011黑?雷射小碟王复刻系列）【瑞?】【WAV+CUE】.rar ...
2025-05-23 15:56:51,940 - INFO - could not find a 'file' executable, falling back to guess mime type by file extension
2025-05-23 15:56:51,952 - INFO - running "C:\Program Files\7-Zip\7z.EXE" x -aou -oD:\Music\Pascal\Work\李茂山\_temp_ -- "D:\Music\Pascal\Work\李茂山\李茂山.1987 - 生日快?·曾???（2011黑?雷射小碟王复刻系列）【瑞?】【WAV+CUE】.rar"
2025-05-23 15:56:53,724 - INFO - ... D:\Music\Pascal\Work\李茂山\李茂山.1987 - 生日快?·曾???（2011黑?雷射小碟王复刻系列）【瑞?】【WAV+CUE】.rar extracted to `D:\Music\Pascal\Work\李茂山\_temp_'.
2025-05-23 15:56:53,725 - INFO - 成功解压: 李茂山.1987 - 生日快乐·曾经爱过（2011黑胶雷射小碟王复刻系列）【瑞华】【WAV+CUE】.rar
2025-05-23 15:56:53,725 - INFO - Extracting D:\Music\Pascal\Work\李茂山\李茂山.1987 - ??的?（2006黑?雷射小碟王复刻系列）【瑞?】【WAV+CUE】.rar ...
2025-05-23 15:56:53,725 - INFO - could not find a 'file' executable, falling back to guess mime type by file extension
2025-05-23 15:56:53,734 - INFO - running "C:\Program Files\7-Zip\7z.EXE" x -aou -oD:\Music\Pascal\Work\李茂山\_temp_ -- "D:\Music\Pascal\Work\李茂山\李茂山.1987 - ??的?（2006黑?雷射小碟王复刻系列）【瑞?】【WAV+CUE】.rar"
2025-05-23 15:56:55,680 - INFO - ... D:\Music\Pascal\Work\李茂山\李茂山.1987 - ??的?（2006黑?雷射小碟王复刻系列）【瑞?】【WAV+CUE】.rar extracted to `D:\Music\Pascal\Work\李茂山\_temp_'.
2025-05-23 15:56:55,681 - INFO - 成功解压: 李茂山.1987 - 迟来的爱（2006黑胶雷射小碟王复刻系列）【瑞华】【WAV+CUE】.rar
2025-05-23 15:56:55,681 - INFO - Extracting D:\Music\Pascal\Work\李茂山\李茂山.1989 - ?什么都是多余善意的?言【瑞?】【WAV+CUE】.rar ...
2025-05-23 15:56:55,681 - INFO - could not find a 'file' executable, falling back to guess mime type by file extension
2025-05-23 15:56:55,691 - INFO - running "C:\Program Files\7-Zip\7z.EXE" x -aou -oD:\Music\Pascal\Work\李茂山\_temp_ -- "D:\Music\Pascal\Work\李茂山\李茂山.1989 - ?什么都是多余善意的?言【瑞?】【WAV+CUE】.rar"
2025-05-23 15:56:58,398 - ERROR - 解压失败 李茂山.1989 - 说什么都是多余善意的谎言【瑞华】【WAV+CUE】.rar: Command `['C:\\Program Files\\7-Zip\\7z.EXE', 'x', '-aou', '-oD:\\Music\\Pascal\\Work\\李茂山\\_temp_', '--', 'D:\\Music\\Pascal\\Work\\李茂山\\李茂山.1989 - 说什么都是多余善意的谎言【瑞华】【WAV+CUE】.rar']' returned non-zero exit status 2
2025-05-23 15:56:58,425 - INFO - Extracting D:\Music\Pascal\Work\李茂山\李茂山.1989.弦歌戀曲 第四輯 眷戀柔情集.zip ...
2025-05-23 15:56:58,425 - INFO - could not find a 'file' executable, falling back to guess mime type by file extension
2025-05-23 15:56:58,425 - INFO - running "C:\Program Files\7-Zip\7z.EXE" x -aou -oD:\Music\Pascal\Work\李茂山\_temp_ -- "D:\Music\Pascal\Work\李茂山\李茂山.1989.弦歌戀曲 第四輯 眷戀柔情集.zip"
2025-05-23 15:57:02,017 - INFO - ... D:\Music\Pascal\Work\李茂山\李茂山.1989.弦歌戀曲 第四輯 眷戀柔情集.zip extracted to `D:\Music\Pascal\Work\李茂山\_temp_'.
2025-05-23 15:57:02,017 - INFO - 成功解压: 李茂山.1989.弦歌戀曲 第四輯 眷戀柔情集.zip
2025-05-23 15:57:02,018 - INFO - Extracting D:\Music\Pascal\Work\李茂山\李茂山.1990 - 最受?迎?影???主?曲【瑞?】【WAV+CUE】.rar ...
2025-05-23 15:57:02,018 - INFO - could not find a 'file' executable, falling back to guess mime type by file extension
2025-05-23 15:57:02,027 - INFO - running "C:\Program Files\7-Zip\7z.EXE" x -aou -oD:\Music\Pascal\Work\李茂山\_temp_ -- "D:\Music\Pascal\Work\李茂山\李茂山.1990 - 最受?迎?影???主?曲【瑞?】【WAV+CUE】.rar"
2025-05-23 15:57:04,281 - INFO - ... D:\Music\Pascal\Work\李茂山\李茂山.1990 - 最受?迎?影???主?曲【瑞?】【WAV+CUE】.rar extracted to `D:\Music\Pascal\Work\李茂山\_temp_'.
2025-05-23 15:57:04,281 - INFO - 成功解压: 李茂山.1990 - 最受欢迎电影电视剧主题曲【瑞华】【WAV+CUE】.rar
2025-05-23 15:57:04,282 - INFO - Extracting D:\Music\Pascal\Work\李茂山\李茂山.1991 - ?情之旅 VOL.1【新格】【WAV+CUE】.rar ...
2025-05-23 15:57:04,282 - INFO - could not find a 'file' executable, falling back to guess mime type by file extension
2025-05-23 15:57:04,290 - INFO - running "C:\Program Files\7-Zip\7z.EXE" x -aou -oD:\Music\Pascal\Work\李茂山\_temp_ -- "D:\Music\Pascal\Work\李茂山\李茂山.1991 - ?情之旅 VOL.1【新格】【WAV+CUE】.rar"
2025-05-23 15:57:06,141 - INFO - ... D:\Music\Pascal\Work\李茂山\李茂山.1991 - ?情之旅 VOL.1【新格】【WAV+CUE】.rar extracted to `D:\Music\Pascal\Work\李茂山\_temp_'.
2025-05-23 15:57:06,141 - INFO - 成功解压: 李茂山.1991 - 乡情之旅 VOL.1【新格】【WAV+CUE】.rar
2025-05-23 15:57:06,142 - INFO - Extracting D:\Music\Pascal\Work\李茂山\李茂山.1991 - ?情之旅 VOL.2【新格】【WAV+CUE】.rar ...
2025-05-23 15:57:06,142 - INFO - could not find a 'file' executable, falling back to guess mime type by file extension
2025-05-23 15:57:06,151 - INFO - running "C:\Program Files\7-Zip\7z.EXE" x -aou -oD:\Music\Pascal\Work\李茂山\_temp_ -- "D:\Music\Pascal\Work\李茂山\李茂山.1991 - ?情之旅 VOL.2【新格】【WAV+CUE】.rar"
2025-05-23 15:57:07,854 - INFO - ... D:\Music\Pascal\Work\李茂山\李茂山.1991 - ?情之旅 VOL.2【新格】【WAV+CUE】.rar extracted to `D:\Music\Pascal\Work\李茂山\_temp_'.
2025-05-23 15:57:07,855 - INFO - 成功解压: 李茂山.1991 - 乡情之旅 VOL.2【新格】【WAV+CUE】.rar
2025-05-23 15:57:07,855 - INFO - Extracting D:\Music\Pascal\Work\李茂山\李茂山.1994.今夜又??你醉》WAV+CUE.zip ...
2025-05-23 15:57:07,855 - INFO - could not find a 'file' executable, falling back to guess mime type by file extension
2025-05-23 15:57:07,855 - INFO - running "C:\Program Files\7-Zip\7z.EXE" x -aou -oD:\Music\Pascal\Work\李茂山\_temp_ -- D:\Music\Pascal\Work\李茂山\李茂山.1994.今夜又??你醉》WAV+CUE.zip
2025-05-23 15:57:08,143 - INFO - ... D:\Music\Pascal\Work\李茂山\李茂山.1994.今夜又??你醉》WAV+CUE.zip extracted to `D:\Music\Pascal\Work\李茂山\_temp_'.
2025-05-23 15:57:08,143 - INFO - 成功解压: 李茂山.1994.今夜又搁为你醉》WAV+CUE.zip
2025-05-23 15:57:08,144 - INFO - Extracting D:\Music\Pascal\Work\李茂山\李茂山.2000 - ??呼?你【瑞?】【WAV+CUE】.rar ...
2025-05-23 15:57:08,144 - INFO - could not find a 'file' executable, falling back to guess mime type by file extension
2025-05-23 15:57:08,155 - INFO - running "C:\Program Files\7-Zip\7z.EXE" x -aou -oD:\Music\Pascal\Work\李茂山\_temp_ -- "D:\Music\Pascal\Work\李茂山\李茂山.2000 - ??呼?你【瑞?】【WAV+CUE】.rar"
2025-05-23 15:57:09,852 - INFO - ... D:\Music\Pascal\Work\李茂山\李茂山.2000 - ??呼?你【瑞?】【WAV+CUE】.rar extracted to `D:\Music\Pascal\Work\李茂山\_temp_'.
2025-05-23 15:57:09,852 - INFO - 成功解压: 李茂山.2000 - 轻轻呼唤你【瑞华】【WAV+CUE】.rar
2025-05-23 15:57:09,853 - INFO - Extracting D:\Music\Pascal\Work\李茂山\李茂山.2006 - 歌?二十年·得?不易【瑞?】【WAV+CUE】.rar ...
2025-05-23 15:57:09,853 - INFO - could not find a 'file' executable, falling back to guess mime type by file extension
2025-05-23 15:57:09,862 - INFO - running "C:\Program Files\7-Zip\7z.EXE" x -aou -oD:\Music\Pascal\Work\李茂山\_temp_ -- "D:\Music\Pascal\Work\李茂山\李茂山.2006 - 歌?二十年·得?不易【瑞?】【WAV+CUE】.rar"
2025-05-23 15:57:12,575 - INFO - ... D:\Music\Pascal\Work\李茂山\李茂山.2006 - 歌?二十年·得?不易【瑞?】【WAV+CUE】.rar extracted to `D:\Music\Pascal\Work\李茂山\_temp_'.
2025-05-23 15:57:12,575 - INFO - 成功解压: 李茂山.2006 - 歌坛二十年·得来不易【瑞华】【WAV+CUE】.rar
2025-05-23 15:57:12,576 - INFO - Extracting D:\Music\Pascal\Work\李茂山\李茂山《 ?什么都是多余善意的?言》瑞?日版[WAV+CUE].rar ...
2025-05-23 15:57:12,576 - INFO - could not find a 'file' executable, falling back to guess mime type by file extension
2025-05-23 15:57:12,585 - INFO - running "C:\Program Files\7-Zip\7z.EXE" x -aou -oD:\Music\Pascal\Work\李茂山\_temp_ -- "D:\Music\Pascal\Work\李茂山\李茂山《 ?什么都是多余善意的?言》瑞?日版[WAV+CUE].rar"
2025-05-23 15:57:19,097 - INFO - ... D:\Music\Pascal\Work\李茂山\李茂山《 ?什么都是多余善意的?言》瑞?日版[WAV+CUE].rar extracted to `D:\Music\Pascal\Work\李茂山\_temp_'.
2025-05-23 15:57:19,098 - INFO - 成功解压: 李茂山《 说什么都是多余善意的谎言》瑞华日版[WAV+CUE].rar
2025-05-23 15:57:19,099 - INFO - Extracting D:\Music\Pascal\Work\李茂山\李茂山唱片《弦歌?曲第一集》(黑?雷射小碟王)(???首版)[WAV+CUE].rar ...
2025-05-23 15:57:19,099 - INFO - could not find a 'file' executable, falling back to guess mime type by file extension
2025-05-23 15:57:19,108 - INFO - running "C:\Program Files\7-Zip\7z.EXE" x -aou -oD:\Music\Pascal\Work\李茂山\_temp_ -- D:\Music\Pascal\Work\李茂山\李茂山唱片《弦歌?曲第一集》(黑?雷射小碟王)(???首版)[WAV+CUE].rar
2025-05-23 15:57:23,157 - INFO - ... D:\Music\Pascal\Work\李茂山\李茂山唱片《弦歌?曲第一集》(黑?雷射小碟王)(???首版)[WAV+CUE].rar extracted to `D:\Music\Pascal\Work\李茂山\_temp_'.
2025-05-23 15:57:23,158 - INFO - 成功解压: 李茂山唱片《弦歌恋曲第一集》(黑胶雷射小碟王)(马来亚首版)[WAV+CUE].rar
2025-05-23 15:57:23,158 - INFO - Extracting D:\Music\Pascal\Work\李茂山\李茂山唱片《弦歌?曲第三集》(黑?雷射小碟王)(???首版)[WAV+CUE].rar ...
2025-05-23 15:57:23,158 - INFO - could not find a 'file' executable, falling back to guess mime type by file extension
2025-05-23 15:57:23,167 - INFO - running "C:\Program Files\7-Zip\7z.EXE" x -aou -oD:\Music\Pascal\Work\李茂山\_temp_ -- D:\Music\Pascal\Work\李茂山\李茂山唱片《弦歌?曲第三集》(黑?雷射小碟王)(???首版)[WAV+CUE].rar
2025-05-23 15:57:27,475 - INFO - ... D:\Music\Pascal\Work\李茂山\李茂山唱片《弦歌?曲第三集》(黑?雷射小碟王)(???首版)[WAV+CUE].rar extracted to `D:\Music\Pascal\Work\李茂山\_temp_'.
2025-05-23 15:57:27,476 - INFO - 成功解压: 李茂山唱片《弦歌恋曲第三集》(黑胶雷射小碟王)(马来亚首版)[WAV+CUE].rar
2025-05-23 15:57:27,476 - INFO - Extracting D:\Music\Pascal\Work\李茂山\李茂山唱片《弦歌?曲第二集》(黑?雷射小碟王)(???首版)[WAV+CUE].rar ...
2025-05-23 15:57:27,476 - INFO - could not find a 'file' executable, falling back to guess mime type by file extension
2025-05-23 15:57:27,486 - INFO - running "C:\Program Files\7-Zip\7z.EXE" x -aou -oD:\Music\Pascal\Work\李茂山\_temp_ -- D:\Music\Pascal\Work\李茂山\李茂山唱片《弦歌?曲第二集》(黑?雷射小碟王)(???首版)[WAV+CUE].rar
2025-05-23 15:57:30,462 - ERROR - 解压失败 李茂山唱片《弦歌恋曲第二集》(黑胶雷射小碟王)(马来亚首版)[WAV+CUE].rar: Command `['C:\\Program Files\\7-Zip\\7z.EXE', 'x', '-aou', '-oD:\\Music\\Pascal\\Work\\李茂山\\_temp_', '--', 'D:\\Music\\Pascal\\Work\\李茂山\\李茂山唱片《弦歌恋曲第二集》(黑胶雷射小碟王)(马来亚首版)[WAV+CUE].rar']' returned non-zero exit status 2
2025-05-23 15:57:30,482 - INFO - 解压操作完成
2025-05-23 15:57:30,482 - INFO - 开始CUE文件转换...
2025-05-23 15:57:30,502 - INFO - 转换成功: D:\Music\Pascal\Work\李茂山\李茂山 - 聪明的女人（银圈T123-01）[WAV整轨]\李茂山 - 聪明的女人（银圈T123-01）.cue -> D:\Music\Pascal\Work\李茂山\李茂山 - 聪明的女人（银圈T123-01）[WAV整轨]\李茂山 - 聪明的女人（银圈T123-01）UTF8.cue
2025-05-23 15:57:30,508 - INFO - 转换成功: D:\Music\Pascal\Work\李茂山\李茂山 -《深深的爱》2008年 瑞华唱片 [WAV+CUE]\李茂山 - 深深地爱.cue -> D:\Music\Pascal\Work\李茂山\李茂山 -《深深的爱》2008年 瑞华唱片 [WAV+CUE]\李茂山 - 深深地爱UTF8.cue
2025-05-23 15:57:30,515 - INFO - 转换成功: D:\Music\Pascal\Work\李茂山\李茂山 台语金曲1[WAV整轨]\李茂山 - 台語金曲 1.cue -> D:\Music\Pascal\Work\李茂山\李茂山 台语金曲1[WAV整轨]\李茂山 - 台語金曲 1UTF8.cue
2025-05-23 15:57:30,522 - INFO - 转换成功: D:\Music\Pascal\Work\李茂山\李茂山 台语金曲2 我的心情 [WAV整轨]\李茂山 - 台語金曲 2.cue -> D:\Music\Pascal\Work\李茂山\李茂山 台语金曲2 我的心情 [WAV整轨]\李茂山 - 台語金曲 2UTF8.cue
2025-05-23 15:57:30,530 - INFO - 转换成功: D:\Music\Pascal\Work\李茂山\李茂山.1985 - 盼你回头【瑞华】【WAV+CUE】\李茂山.-.[盼你回头](1985)[WAV].cue -> D:\Music\Pascal\Work\李茂山\李茂山.1985 - 盼你回头【瑞华】【WAV+CUE】\李茂山.-.[盼你回头](1985)[WAV]UTF8.cue
2025-05-23 15:57:30,538 - INFO - 转换成功: D:\Music\Pascal\Work\李茂山\李茂山.1986 - 无言的结局（2006黑胶雷射小碟王复刻系列）【瑞华】【WAV+CUE】\李茂山.-.[无言的结局](1986)[WAV].cue -> D:\Music\Pascal\Work\李茂山\李茂山.1986 - 无言的结局（2006黑胶雷射小碟王复刻系列）【瑞华】【WAV+CUE】\李茂山.-.[无言的结局](1986)[WAV]UTF8.cue
2025-05-23 15:57:30,546 - INFO - 转换成功: D:\Music\Pascal\Work\李茂山\李茂山.1987 - 生日快乐·曾经爱过（2011黑胶雷射小碟王复刻系列）【瑞华】【WAV+CUE】\李茂山.-.[生日快乐·曾经爱过](1987)[WAV].cue -> D:\Music\Pascal\Work\李茂山\李茂山.1987 - 生日快乐·曾经爱过（2011黑胶雷射小碟王复刻系列）【瑞华】【WAV+CUE】\李茂山.-.[生日快乐·曾经爱过](1987)[WAV]UTF8.cue
2025-05-23 15:57:30,553 - INFO - 转换成功: D:\Music\Pascal\Work\李茂山\李茂山.1987 - 迟来的爱（2006黑胶雷射小碟王复刻系列）【瑞华】【WAV+CUE】\李茂山.-.[迟来的爱](1987)[WAV].cue -> D:\Music\Pascal\Work\李茂山\李茂山.1987 - 迟来的爱（2006黑胶雷射小碟王复刻系列）【瑞华】【WAV+CUE】\李茂山.-.[迟来的爱](1987)[WAV]UTF8.cue
2025-05-23 15:57:30,561 - INFO - 转换成功: D:\Music\Pascal\Work\李茂山\李茂山.1990 - 最受欢迎电影电视剧主题曲【瑞华】【WAV+CUE】\李茂山-最受欢迎电影,电视剧主题曲.cue -> D:\Music\Pascal\Work\李茂山\李茂山.1990 - 最受欢迎电影电视剧主题曲【瑞华】【WAV+CUE】\李茂山-最受欢迎电影,电视剧主题曲UTF8.cue
2025-05-23 15:57:30,569 - INFO - 转换成功: D:\Music\Pascal\Work\李茂山\李茂山.1991 - 乡情之旅 VOL.1【新格】【WAV+CUE】\李茂山.-.[乡情之旅VOL.1](1991)[WAV].cue -> D:\Music\Pascal\Work\李茂山\李茂山.1991 - 乡情之旅 VOL.1【新格】【WAV+CUE】\李茂山.-.[乡情之旅VOL.1](1991)[WAV]UTF8.cue
2025-05-23 15:57:30,579 - ERROR - 处理失败: D:\Music\Pascal\Work\李茂山\李茂山.1991 - 乡情之旅 VOL.2【新格】【WAV+CUE】\李茂山.-.[乡情之旅VOL.2](1991)[WAV].cue - 非GB2312/ANSI编码
2025-05-23 15:57:30,588 - INFO - 转换成功: D:\Music\Pascal\Work\李茂山\李茂山.2000 - 轻轻呼唤你【瑞华】【WAV+CUE】\李茂山.-.[轻轻呼唤你](2000)[WAV].cue -> D:\Music\Pascal\Work\李茂山\李茂山.2000 - 轻轻呼唤你【瑞华】【WAV+CUE】\李茂山.-.[轻轻呼唤你](2000)[WAV]UTF8.cue
2025-05-23 15:57:30,596 - INFO - 转换成功: D:\Music\Pascal\Work\李茂山\李茂山.2006 - 歌坛二十年·得来不易【瑞华】【WAV+CUE】\李茂山-歌坛二十年·得来不易.cue -> D:\Music\Pascal\Work\李茂山\李茂山.2006 - 歌坛二十年·得来不易【瑞华】【WAV+CUE】\李茂山-歌坛二十年·得来不易UTF8.cue
2025-05-23 15:57:30,603 - INFO - 转换成功: D:\Music\Pascal\Work\李茂山\李茂山《 说什么都是多余善意的谎言》瑞华日版[WAV+CUE]\未知艺术家 - 李茂山-说什么都是多余.cue -> D:\Music\Pascal\Work\李茂山\李茂山《 说什么都是多余善意的谎言》瑞华日版[WAV+CUE]\未知艺术家 - 李茂山-说什么都是多余UTF8.cue
2025-05-23 15:57:30,612 - INFO - 转换成功: D:\Music\Pascal\Work\李茂山\李茂山唱片《弦歌恋曲第一集》(黑胶雷射小碟王)(马来亚首版)[WAV+CUE]\弦歌恋曲第一集.cue -> D:\Music\Pascal\Work\李茂山\李茂山唱片《弦歌恋曲第一集》(黑胶雷射小碟王)(马来亚首版)[WAV+CUE]\弦歌恋曲第一集UTF8.cue
2025-05-23 15:57:30,618 - INFO - 转换成功: D:\Music\Pascal\Work\李茂山\李茂山唱片《弦歌恋曲第三集》(黑胶雷射小碟王)(马来亚首版)[WAV+CUE]\弦歌恋曲第三集.cue -> D:\Music\Pascal\Work\李茂山\李茂山唱片《弦歌恋曲第三集》(黑胶雷射小碟王)(马来亚首版)[WAV+CUE]\弦歌恋曲第三集UTF8.cue
2025-05-23 15:57:30,624 - ERROR - 处理失败: D:\Music\Pascal\Work\李茂山\李茂山 《再起东山 》WAV整轨\燠簿刓 婬陲刓 WAV淕寢\燠簿刓-婬陲刓[WAV淕寢]\燠簿刓 - 婬陲刓.cue - 非GB2312/ANSI编码
2025-05-23 15:57:30,630 - ERROR - 处理失败: D:\Music\Pascal\Work\李茂山\李茂山 心爱的总有一天你会了解 台湾版 WAV CUE\燠簿刓蚳憮 陑乾腔軞衄珨毞斕頗賸賤 怢俜唳 WAV CUE\陑乾腔軞衄珨毞斕頗賸賤.cue - 非GB2312/ANSI编码
2025-05-23 15:57:30,635 - ERROR - 处理失败: D:\Music\Pascal\Work\李茂山\李茂山.1994.今夜又搁为你醉》WAV+CUE\燠簿刓▲踏珗衱賊峈斕郳◎\CDImage.cue - 非GB2312/ANSI编码
2025-05-23 15:57:30,635 - INFO - CUE文件转换完成
2025-05-23 15:57:30,637 - INFO - 全部操作已完成
2025-05-25 14:01:25,747 - INFO - 开始解压操作...
2025-05-25 14:01:25,750 - INFO - Extracting D:\Music\Pascal\Work\?雯\?雯.2007 - 我的世界【EQ唱片】【WAV+CUE】.rar ...
2025-05-25 14:01:25,802 - INFO - could not find a 'file' executable, falling back to guess mime type by file extension
2025-05-25 14:01:25,827 - INFO - running "C:\Program Files\7-Zip\7z.EXE" x -aou -oD:\Music\Pascal\Work\?雯\_temp_ -- "D:\Music\Pascal\Work\?雯\?雯.2007 - 我的世界【EQ唱片】【WAV+CUE】.rar"
2025-05-25 14:01:27,709 - INFO - ... D:\Music\Pascal\Work\?雯\?雯.2007 - 我的世界【EQ唱片】【WAV+CUE】.rar extracted to `D:\Music\Pascal\Work\?雯\_temp_'.
2025-05-25 14:01:27,709 - INFO - 成功解压: 吕雯.2007 - 我的世界【EQ唱片】【WAV+CUE】.rar
2025-05-25 14:01:27,709 - INFO - Extracting D:\Music\Pascal\Work\?雯\?雯.2008 - Linda【EQ唱片】【FLAC分?】.rar ...
2025-05-25 14:01:27,710 - INFO - could not find a 'file' executable, falling back to guess mime type by file extension
2025-05-25 14:01:27,719 - INFO - running "C:\Program Files\7-Zip\7z.EXE" x -aou -oD:\Music\Pascal\Work\?雯\_temp_ -- "D:\Music\Pascal\Work\?雯\?雯.2008 - Linda【EQ唱片】【FLAC分?】.rar"
2025-05-25 14:01:27,902 - INFO - ... D:\Music\Pascal\Work\?雯\?雯.2008 - Linda【EQ唱片】【FLAC分?】.rar extracted to `D:\Music\Pascal\Work\?雯\_temp_'.
2025-05-25 14:01:27,903 - INFO - 成功解压: 吕雯.2008 - Linda【EQ唱片】【FLAC分轨】.rar
2025-05-25 14:01:27,903 - INFO - 解压操作完成
2025-05-25 14:01:27,903 - INFO - 开始CUE文件转换...
2025-05-25 14:01:27,911 - INFO - 转换成功: D:\Music\Pascal\Work\吕雯\吕雯.2007 - 我的世界【EQ唱片】【WAV+CUE】\吕雯 - 我的世界.cue -> D:\Music\Pascal\Work\吕雯\吕雯.2007 - 我的世界【EQ唱片】【WAV+CUE】\吕雯 - 我的世界UTF8.cue
2025-05-25 14:01:27,911 - INFO - CUE文件转换完成
2025-05-25 14:01:27,911 - INFO - 全部操作已完成
2025-05-25 14:33:13,618 - INFO - 开始解压操作...
2025-05-25 14:33:13,619 - INFO - Extracting D:\Music\Pascal\Work\翁立友\翁立友.2022 - ?情的高手【豪?】【FLAC分?】.rar ...
2025-05-25 14:33:13,665 - INFO - could not find a 'file' executable, falling back to guess mime type by file extension
2025-05-25 14:33:13,687 - INFO - running "C:\Program Files\7-Zip\7z.EXE" x -aou -oD:\Music\Pascal\Work\翁立友\_temp_ -- "D:\Music\Pascal\Work\翁立友\翁立友.2022 - ?情的高手【豪?】【FLAC分?】.rar"
2025-05-25 14:33:13,843 - INFO - ... D:\Music\Pascal\Work\翁立友\翁立友.2022 - ?情的高手【豪?】【FLAC分?】.rar extracted to `D:\Music\Pascal\Work\翁立友\_temp_'.
2025-05-25 14:33:13,843 - INFO - 成功解压: 翁立友.2022 - 爱情的高手【豪记】【FLAC分轨】.rar
2025-05-25 14:33:13,844 - INFO - 解压操作完成
2025-05-25 14:33:13,844 - INFO - 开始CUE文件转换...
2025-05-25 14:33:13,844 - WARNING - 未找到CUE文件
2025-05-25 14:33:13,844 - INFO - 全部操作已完成
2025-05-25 14:37:28,556 - INFO - 开始解压操作...
2025-05-25 14:37:28,558 - INFO - Extracting D:\Music\Pascal\Work\戴?玲\戴?玲.2002 - Magic【?京】【WAV+CUE】.rar ...
2025-05-25 14:37:28,605 - INFO - could not find a 'file' executable, falling back to guess mime type by file extension
2025-05-25 14:37:28,624 - INFO - running "C:\Program Files\7-Zip\7z.EXE" x -aou -oD:\Music\Pascal\Work\戴?玲\_temp_ -- "D:\Music\Pascal\Work\戴?玲\戴?玲.2002 - Magic【?京】【WAV+CUE】.rar"
2025-05-25 14:37:30,729 - INFO - ... D:\Music\Pascal\Work\戴?玲\戴?玲.2002 - Magic【?京】【WAV+CUE】.rar extracted to `D:\Music\Pascal\Work\戴?玲\_temp_'.
2025-05-25 14:37:30,729 - INFO - 成功解压: 戴爱玲.2002 - Magic【维京】【WAV+CUE】.rar
2025-05-25 14:37:30,730 - INFO - Extracting D:\Music\Pascal\Work\戴?玲\戴?玲.2003 - ??做的傻事【?京】【WAV+CUE】.rar ...
2025-05-25 14:37:30,730 - INFO - could not find a 'file' executable, falling back to guess mime type by file extension
2025-05-25 14:37:30,739 - INFO - running "C:\Program Files\7-Zip\7z.EXE" x -aou -oD:\Music\Pascal\Work\戴?玲\_temp_ -- "D:\Music\Pascal\Work\戴?玲\戴?玲.2003 - ??做的傻事【?京】【WAV+CUE】.rar"
2025-05-25 14:37:32,806 - INFO - ... D:\Music\Pascal\Work\戴?玲\戴?玲.2003 - ??做的傻事【?京】【WAV+CUE】.rar extracted to `D:\Music\Pascal\Work\戴?玲\_temp_'.
2025-05-25 14:37:32,807 - INFO - 成功解压: 戴爱玲.2003 - 为爱做的傻事【维京】【WAV+CUE】.rar
2025-05-25 14:37:32,807 - INFO - Extracting D:\Music\Pascal\Work\戴?玲\戴?玲.2008 - 天使之翼【SONY】【WAV+CUE】.rar ...
2025-05-25 14:37:32,807 - INFO - could not find a 'file' executable, falling back to guess mime type by file extension
2025-05-25 14:37:32,816 - INFO - running "C:\Program Files\7-Zip\7z.EXE" x -aou -oD:\Music\Pascal\Work\戴?玲\_temp_ -- "D:\Music\Pascal\Work\戴?玲\戴?玲.2008 - 天使之翼【SONY】【WAV+CUE】.rar"
2025-05-25 14:37:35,439 - INFO - ... D:\Music\Pascal\Work\戴?玲\戴?玲.2008 - 天使之翼【SONY】【WAV+CUE】.rar extracted to `D:\Music\Pascal\Work\戴?玲\_temp_'.
2025-05-25 14:37:35,439 - INFO - 成功解压: 戴爱玲.2008 - 天使之翼【SONY】【WAV+CUE】.rar
2025-05-25 14:37:35,439 - INFO - Extracting D:\Music\Pascal\Work\戴?玲\戴?玲.2009 - ???【SONY】【WAV+CUE】.rar ...
2025-05-25 14:37:35,440 - INFO - could not find a 'file' executable, falling back to guess mime type by file extension
2025-05-25 14:37:35,448 - INFO - running "C:\Program Files\7-Zip\7z.EXE" x -aou -oD:\Music\Pascal\Work\戴?玲\_temp_ -- "D:\Music\Pascal\Work\戴?玲\戴?玲.2009 - ???【SONY】【WAV+CUE】.rar"
2025-05-25 14:37:37,536 - INFO - ... D:\Music\Pascal\Work\戴?玲\戴?玲.2009 - ???【SONY】【WAV+CUE】.rar extracted to `D:\Music\Pascal\Work\戴?玲\_temp_'.
2025-05-25 14:37:37,537 - INFO - 成功解压: 戴爱玲.2009 - 爱灵灵【SONY】【WAV+CUE】.rar
2025-05-25 14:37:37,537 - INFO - Extracting D:\Music\Pascal\Work\戴?玲\戴?玲.2009 - 跳痛【SONY】【WAV+CUE】.rar ...
2025-05-25 14:37:37,537 - INFO - could not find a 'file' executable, falling back to guess mime type by file extension
2025-05-25 14:37:37,546 - INFO - running "C:\Program Files\7-Zip\7z.EXE" x -aou -oD:\Music\Pascal\Work\戴?玲\_temp_ -- "D:\Music\Pascal\Work\戴?玲\戴?玲.2009 - 跳痛【SONY】【WAV+CUE】.rar"
2025-05-25 14:37:39,431 - INFO - ... D:\Music\Pascal\Work\戴?玲\戴?玲.2009 - 跳痛【SONY】【WAV+CUE】.rar extracted to `D:\Music\Pascal\Work\戴?玲\_temp_'.
2025-05-25 14:37:39,433 - INFO - 成功解压: 戴爱玲.2009 - 跳痛【SONY】【WAV+CUE】.rar
2025-05-25 14:37:39,433 - INFO - Extracting D:\Music\Pascal\Work\戴?玲\戴?玲.2011 - 不只十二月(新歌+精?.CD01[WAV+CUE].rar ...
2025-05-25 14:37:39,434 - INFO - could not find a 'file' executable, falling back to guess mime type by file extension
2025-05-25 14:37:39,443 - INFO - running "C:\Program Files\7-Zip\7z.EXE" x -aou -oD:\Music\Pascal\Work\戴?玲\_temp_ -- "D:\Music\Pascal\Work\戴?玲\戴?玲.2011 - 不只十二月(新歌+精?.CD01[WAV+CUE].rar"
2025-05-25 14:37:41,796 - INFO - ... D:\Music\Pascal\Work\戴?玲\戴?玲.2011 - 不只十二月(新歌+精?.CD01[WAV+CUE].rar extracted to `D:\Music\Pascal\Work\戴?玲\_temp_'.
2025-05-25 14:37:41,796 - INFO - 成功解压: 戴爱玲.2011 - 不只十二月(新歌+精选.CD01[WAV+CUE].rar
2025-05-25 14:37:41,797 - INFO - Extracting D:\Music\Pascal\Work\戴?玲\戴?玲.2011 - 不只十二月(新歌+精?.CD02[WAV+CUE].rar ...
2025-05-25 14:37:41,797 - INFO - could not find a 'file' executable, falling back to guess mime type by file extension
2025-05-25 14:37:41,806 - INFO - running "C:\Program Files\7-Zip\7z.EXE" x -aou -oD:\Music\Pascal\Work\戴?玲\_temp_ -- "D:\Music\Pascal\Work\戴?玲\戴?玲.2011 - 不只十二月(新歌+精?.CD02[WAV+CUE].rar"
2025-05-25 14:37:44,129 - INFO - ... D:\Music\Pascal\Work\戴?玲\戴?玲.2011 - 不只十二月(新歌+精?.CD02[WAV+CUE].rar extracted to `D:\Music\Pascal\Work\戴?玲\_temp_'.
2025-05-25 14:37:44,129 - INFO - 成功解压: 戴爱玲.2011 - 不只十二月(新歌+精选.CD02[WAV+CUE].rar
2025-05-25 14:37:44,130 - INFO - Extracting D:\Music\Pascal\Work\戴?玲\戴?玲.2013 - 想你的距离【SONY】【WAV+CUE】.rar ...
2025-05-25 14:37:44,130 - INFO - could not find a 'file' executable, falling back to guess mime type by file extension
2025-05-25 14:37:44,139 - INFO - running "C:\Program Files\7-Zip\7z.EXE" x -aou -oD:\Music\Pascal\Work\戴?玲\_temp_ -- "D:\Music\Pascal\Work\戴?玲\戴?玲.2013 - 想你的距离【SONY】【WAV+CUE】.rar"
2025-05-25 14:37:45,981 - INFO - ... D:\Music\Pascal\Work\戴?玲\戴?玲.2013 - 想你的距离【SONY】【WAV+CUE】.rar extracted to `D:\Music\Pascal\Work\戴?玲\_temp_'.
2025-05-25 14:37:45,982 - INFO - 成功解压: 戴爱玲.2013 - 想你的距离【SONY】【WAV+CUE】.rar
2025-05-25 14:37:45,982 - INFO - Extracting D:\Music\Pascal\Work\戴?玲\戴?玲.2015 - 我不离?【SONY】【WAV+CUE】.rar ...
2025-05-25 14:37:45,982 - INFO - could not find a 'file' executable, falling back to guess mime type by file extension
2025-05-25 14:37:45,992 - INFO - running "C:\Program Files\7-Zip\7z.EXE" x -aou -oD:\Music\Pascal\Work\戴?玲\_temp_ -- "D:\Music\Pascal\Work\戴?玲\戴?玲.2015 - 我不离?【SONY】【WAV+CUE】.rar"
2025-05-25 14:37:47,848 - INFO - ... D:\Music\Pascal\Work\戴?玲\戴?玲.2015 - 我不离?【SONY】【WAV+CUE】.rar extracted to `D:\Music\Pascal\Work\戴?玲\_temp_'.
2025-05-25 14:37:47,849 - INFO - 成功解压: 戴爱玲.2015 - 我不离开【SONY】【WAV+CUE】.rar
2025-05-25 14:37:47,849 - INFO - Extracting D:\Music\Pascal\Work\戴?玲\戴?玲.2017 - 了不起寂寞【SONY】【WAV+CUE】.rar ...
2025-05-25 14:37:47,849 - INFO - could not find a 'file' executable, falling back to guess mime type by file extension
2025-05-25 14:37:47,858 - INFO - running "C:\Program Files\7-Zip\7z.EXE" x -aou -oD:\Music\Pascal\Work\戴?玲\_temp_ -- "D:\Music\Pascal\Work\戴?玲\戴?玲.2017 - 了不起寂寞【SONY】【WAV+CUE】.rar"
2025-05-25 14:37:49,757 - INFO - ... D:\Music\Pascal\Work\戴?玲\戴?玲.2017 - 了不起寂寞【SONY】【WAV+CUE】.rar extracted to `D:\Music\Pascal\Work\戴?玲\_temp_'.
2025-05-25 14:37:49,758 - INFO - 成功解压: 戴爱玲.2017 - 了不起寂寞【SONY】【WAV+CUE】.rar
2025-05-25 14:37:49,758 - INFO - Extracting D:\Music\Pascal\Work\戴?玲\戴?玲.2019 - 失物招?【索尼】【FLAC+CUE】.rar ...
2025-05-25 14:37:49,758 - INFO - could not find a 'file' executable, falling back to guess mime type by file extension
2025-05-25 14:37:49,767 - INFO - running "C:\Program Files\7-Zip\7z.EXE" x -aou -oD:\Music\Pascal\Work\戴?玲\_temp_ -- "D:\Music\Pascal\Work\戴?玲\戴?玲.2019 - 失物招?【索尼】【FLAC+CUE】.rar"
2025-05-25 14:37:50,253 - INFO - ... D:\Music\Pascal\Work\戴?玲\戴?玲.2019 - 失物招?【索尼】【FLAC+CUE】.rar extracted to `D:\Music\Pascal\Work\戴?玲\_temp_'.
2025-05-25 14:37:50,254 - INFO - 成功解压: 戴爱玲.2019 - 失物招领【索尼】【FLAC+CUE】.rar
2025-05-25 14:37:50,254 - INFO - Extracting D:\Music\Pascal\Work\戴?玲\戴?玲.2022 - 不想听?的歌【??】【FLAC分?】.rar ...
2025-05-25 14:37:50,254 - INFO - could not find a 'file' executable, falling back to guess mime type by file extension
2025-05-25 14:37:50,264 - INFO - running "C:\Program Files\7-Zip\7z.EXE" x -aou -oD:\Music\Pascal\Work\戴?玲\_temp_ -- "D:\Music\Pascal\Work\戴?玲\戴?玲.2022 - 不想听?的歌【??】【FLAC分?】.rar"
2025-05-25 14:37:50,562 - INFO - ... D:\Music\Pascal\Work\戴?玲\戴?玲.2022 - 不想听?的歌【??】【FLAC分?】.rar extracted to `D:\Music\Pascal\Work\戴?玲\_temp_'.
2025-05-25 14:37:50,563 - INFO - 成功解压: 戴爱玲.2022 - 不想听见的歌【华纳】【FLAC分轨】.rar
2025-05-25 14:37:50,563 - INFO - Extracting D:\Music\Pascal\Work\戴?玲\戴?玲.2023 - 巴古慕【??】【WAV+CUE】.rar ...
2025-05-25 14:37:50,563 - INFO - could not find a 'file' executable, falling back to guess mime type by file extension
2025-05-25 14:37:50,573 - INFO - running "C:\Program Files\7-Zip\7z.EXE" x -aou -oD:\Music\Pascal\Work\戴?玲\_temp_ -- "D:\Music\Pascal\Work\戴?玲\戴?玲.2023 - 巴古慕【??】【WAV+CUE】.rar"
2025-05-25 14:37:52,188 - INFO - ... D:\Music\Pascal\Work\戴?玲\戴?玲.2023 - 巴古慕【??】【WAV+CUE】.rar extracted to `D:\Music\Pascal\Work\戴?玲\_temp_'.
2025-05-25 14:37:52,190 - INFO - 成功解压: 戴爱玲.2023 - 巴古慕【华纳】【WAV+CUE】.rar
2025-05-25 14:37:52,190 - INFO - Extracting D:\Music\Pascal\Work\戴?玲\戴?玲.2025 - ?害怕【??】【FLAC分?】.rar ...
2025-05-25 14:37:52,190 - INFO - could not find a 'file' executable, falling back to guess mime type by file extension
2025-05-25 14:37:52,199 - INFO - running "C:\Program Files\7-Zip\7z.EXE" x -aou -oD:\Music\Pascal\Work\戴?玲\_temp_ -- "D:\Music\Pascal\Work\戴?玲\戴?玲.2025 - ?害怕【??】【FLAC分?】.rar"
2025-05-25 14:37:52,798 - INFO - ... D:\Music\Pascal\Work\戴?玲\戴?玲.2025 - ?害怕【??】【FLAC分?】.rar extracted to `D:\Music\Pascal\Work\戴?玲\_temp_'.
2025-05-25 14:37:52,798 - INFO - 成功解压: 戴爱玲.2025 - 别害怕【华纳】【FLAC分轨】.rar
2025-05-25 14:37:52,798 - INFO - 解压操作完成
2025-05-25 14:37:52,798 - INFO - 开始CUE文件转换...
2025-05-25 14:37:52,808 - INFO - 转换成功: D:\Music\Pascal\Work\戴爱玲\戴爱玲.2002 - Magic【维京】【WAV+CUE】\戴爱玲 - Magic.cue -> D:\Music\Pascal\Work\戴爱玲\戴爱玲.2002 - Magic【维京】【WAV+CUE】\戴爱玲 - MagicUTF8.cue
2025-05-25 14:37:52,814 - INFO - 转换成功: D:\Music\Pascal\Work\戴爱玲\戴爱玲.2003 - 为爱做的傻事【维京】【WAV+CUE】\CDImage.cue -> D:\Music\Pascal\Work\戴爱玲\戴爱玲.2003 - 为爱做的傻事【维京】【WAV+CUE】\CDImageUTF8.cue
2025-05-25 14:37:52,818 - ERROR - 处理失败: D:\Music\Pascal\Work\戴爱玲\戴爱玲.2008 - 天使之翼【SONY】【WAV+CUE】\戴爱玲 - 天使之翼.cue - 非GB2312/ANSI编码
2025-05-25 14:37:52,822 - INFO - 转换成功: D:\Music\Pascal\Work\戴爱玲\戴爱玲.2009 - 爱灵灵【SONY】【WAV+CUE】\CDImage.cue -> D:\Music\Pascal\Work\戴爱玲\戴爱玲.2009 - 爱灵灵【SONY】【WAV+CUE】\CDImageUTF8.cue
2025-05-25 14:37:52,827 - ERROR - 处理失败: D:\Music\Pascal\Work\戴爱玲\戴爱玲.2009 - 跳痛【SONY】【WAV+CUE】\戴爱玲 - 跳痛.cue - 非GB2312/ANSI编码
2025-05-25 14:37:52,832 - INFO - 转换成功: D:\Music\Pascal\Work\戴爱玲\戴爱玲.2011 - 不只十二月(新歌+精选.CD01[WAV+CUE]\戴爱玲 - 不只十二月 CD1.cue -> D:\Music\Pascal\Work\戴爱玲\戴爱玲.2011 - 不只十二月(新歌+精选.CD01[WAV+CUE]\戴爱玲 - 不只十二月 CD1UTF8.cue
2025-05-25 14:37:52,836 - INFO - 转换成功: D:\Music\Pascal\Work\戴爱玲\戴爱玲.2011 - 不只十二月(新歌+精选.CD02[WAV+CUE]\戴爱玲 - 不只十二月 CD2.cue -> D:\Music\Pascal\Work\戴爱玲\戴爱玲.2011 - 不只十二月(新歌+精选.CD02[WAV+CUE]\戴爱玲 - 不只十二月 CD2UTF8.cue
2025-05-25 14:37:52,841 - INFO - 转换成功: D:\Music\Pascal\Work\戴爱玲\戴爱玲.2013 - 想你的距离【SONY】【WAV+CUE】\CDImag.cue -> D:\Music\Pascal\Work\戴爱玲\戴爱玲.2013 - 想你的距离【SONY】【WAV+CUE】\CDImagUTF8.cue
2025-05-25 14:37:52,845 - INFO - 转换成功: D:\Music\Pascal\Work\戴爱玲\戴爱玲.2015 - 我不离开【SONY】【WAV+CUE】\戴爱玲 - 我不离开.cue -> D:\Music\Pascal\Work\戴爱玲\戴爱玲.2015 - 我不离开【SONY】【WAV+CUE】\戴爱玲 - 我不离开UTF8.cue
2025-05-25 14:37:52,850 - INFO - 转换成功: D:\Music\Pascal\Work\戴爱玲\戴爱玲.2017 - 了不起寂寞【SONY】【WAV+CUE】\戴爱玲 - 了不起寂寞.cue -> D:\Music\Pascal\Work\戴爱玲\戴爱玲.2017 - 了不起寂寞【SONY】【WAV+CUE】\戴爱玲 - 了不起寂寞UTF8.cue
2025-05-25 14:37:52,854 - INFO - 转换成功: D:\Music\Pascal\Work\戴爱玲\戴爱玲.2023 - 巴古慕【华纳】【WAV+CUE】\戴爱玲 - 巴古慕.cue -> D:\Music\Pascal\Work\戴爱玲\戴爱玲.2023 - 巴古慕【华纳】【WAV+CUE】\戴爱玲 - 巴古慕UTF8.cue
2025-05-25 14:37:52,854 - INFO - CUE文件转换完成
2025-05-25 14:37:52,854 - INFO - 全部操作已完成
2025-05-26 12:30:52,201 - INFO - 开始解压操作...
2025-05-26 12:30:52,204 - INFO - Extracting D:\Music\Pascal\Work\?智成\?智成-2003-03-凌晨三??[台版][WAV].rar ...
2025-05-26 12:30:52,254 - INFO - could not find a 'file' executable, falling back to guess mime type by file extension
2025-05-26 12:30:52,280 - INFO - running "C:\Program Files\7-Zip\7z.EXE" x -aou -oD:\Music\Pascal\Work\?智成\_temp_ -- D:\Music\Pascal\Work\?智成\?智成-2003-03-凌晨三??[台版][WAV].rar
2025-05-26 12:30:57,417 - INFO - ... D:\Music\Pascal\Work\?智成\?智成-2003-03-凌晨三??[台版][WAV].rar extracted to `D:\Music\Pascal\Work\?智成\_temp_'.
2025-05-26 12:30:57,417 - INFO - 成功解压: 张智成-2003-03-凌晨三点钟[台版][WAV].rar
2025-05-26 12:30:57,418 - INFO - Extracting D:\Music\Pascal\Work\?智成\?智成-2003-12-Listen_to_me[台版][WAV].rar ...
2025-05-26 12:30:57,418 - INFO - could not find a 'file' executable, falling back to guess mime type by file extension
2025-05-26 12:30:57,427 - INFO - running "C:\Program Files\7-Zip\7z.EXE" x -aou -oD:\Music\Pascal\Work\?智成\_temp_ -- D:\Music\Pascal\Work\?智成\?智成-2003-12-Listen_to_me[台版][WAV].rar
2025-05-26 12:31:01,824 - INFO - ... D:\Music\Pascal\Work\?智成\?智成-2003-12-Listen_to_me[台版][WAV].rar extracted to `D:\Music\Pascal\Work\?智成\_temp_'.
2025-05-26 12:31:01,825 - INFO - 成功解压: 张智成-2003-12-Listen_to_me[台版][WAV].rar
2025-05-26 12:31:01,825 - INFO - Extracting D:\Music\Pascal\Work\?智成\?智成-2005-08-快?[台版][WAV].rar ...
2025-05-26 12:31:01,825 - INFO - could not find a 'file' executable, falling back to guess mime type by file extension
2025-05-26 12:31:01,834 - INFO - running "C:\Program Files\7-Zip\7z.EXE" x -aou -oD:\Music\Pascal\Work\?智成\_temp_ -- D:\Music\Pascal\Work\?智成\?智成-2005-08-快?[台版][WAV].rar
2025-05-26 12:31:05,986 - INFO - ... D:\Music\Pascal\Work\?智成\?智成-2005-08-快?[台版][WAV].rar extracted to `D:\Music\Pascal\Work\?智成\_temp_'.
2025-05-26 12:31:05,986 - INFO - 成功解压: 张智成-2005-08-快乐[台版][WAV].rar
2025-05-26 12:31:05,987 - INFO - Extracting D:\Music\Pascal\Work\?智成\?智成-2009-07-暗?[台版][WAV].rar ...
2025-05-26 12:31:05,987 - INFO - could not find a 'file' executable, falling back to guess mime type by file extension
2025-05-26 12:31:05,996 - INFO - running "C:\Program Files\7-Zip\7z.EXE" x -aou -oD:\Music\Pascal\Work\?智成\_temp_ -- D:\Music\Pascal\Work\?智成\?智成-2009-07-暗?[台版][WAV].rar
2025-05-26 12:31:10,067 - INFO - ... D:\Music\Pascal\Work\?智成\?智成-2009-07-暗?[台版][WAV].rar extracted to `D:\Music\Pascal\Work\?智成\_temp_'.
2025-05-26 12:31:10,067 - INFO - 成功解压: 张智成-2009-07-暗恋[台版][WAV].rar
2025-05-26 12:31:10,067 - INFO - Extracting D:\Music\Pascal\Work\?智成\?智成-2011-11-你?上的...[台版][WAV].rar ...
2025-05-26 12:31:10,067 - INFO - could not find a 'file' executable, falling back to guess mime type by file extension
2025-05-26 12:31:10,076 - INFO - running "C:\Program Files\7-Zip\7z.EXE" x -aou -oD:\Music\Pascal\Work\?智成\_temp_ -- D:\Music\Pascal\Work\?智成\?智成-2011-11-你?上的...[台版][WAV].rar
2025-05-26 12:31:14,110 - INFO - ... D:\Music\Pascal\Work\?智成\?智成-2011-11-你?上的...[台版][WAV].rar extracted to `D:\Music\Pascal\Work\?智成\_temp_'.
2025-05-26 12:31:14,110 - INFO - 成功解压: 张智成-2011-11-你爱上的...[台版][WAV].rar
2025-05-26 12:31:14,110 - INFO - Extracting D:\Music\Pascal\Work\?智成\?智成.2002 - May I Love U【?研??】【WAV+CUE】.rar ...
2025-05-26 12:31:14,110 - INFO - could not find a 'file' executable, falling back to guess mime type by file extension
2025-05-26 12:31:14,120 - INFO - running "C:\Program Files\7-Zip\7z.EXE" x -aou -oD:\Music\Pascal\Work\?智成\_temp_ -- "D:\Music\Pascal\Work\?智成\?智成.2002 - May I Love U【?研??】【WAV+CUE】.rar"
2025-05-26 12:31:15,992 - INFO - ... D:\Music\Pascal\Work\?智成\?智成.2002 - May I Love U【?研??】【WAV+CUE】.rar extracted to `D:\Music\Pascal\Work\?智成\_temp_'.
2025-05-26 12:31:15,994 - INFO - 成功解压: 张智成.2002 - May I Love U【华研国际】【WAV+CUE】.rar
2025-05-26 12:31:15,996 - INFO - Extracting D:\Music\Pascal\Work\?智成\?智成.2004 - 搜藏?智成 新歌+精? CD1【?研??】【WAV+CUE】.rar ...
2025-05-26 12:31:15,996 - INFO - could not find a 'file' executable, falling back to guess mime type by file extension
2025-05-26 12:31:16,005 - INFO - running "C:\Program Files\7-Zip\7z.EXE" x -aou -oD:\Music\Pascal\Work\?智成\_temp_ -- "D:\Music\Pascal\Work\?智成\?智成.2004 - 搜藏?智成 新歌+精? CD1【?研??】【WAV+CUE】.rar"
2025-05-26 12:31:16,838 - INFO - ... D:\Music\Pascal\Work\?智成\?智成.2004 - 搜藏?智成 新歌+精? CD1【?研??】【WAV+CUE】.rar extracted to `D:\Music\Pascal\Work\?智成\_temp_'.
2025-05-26 12:31:16,839 - INFO - 成功解压: 张智成.2004 - 搜藏张智成 新歌+精选 CD1【华研国际】【WAV+CUE】.rar
2025-05-26 12:31:16,839 - INFO - Extracting D:\Music\Pascal\Work\?智成\?智成.2004 - 搜藏?智成 新歌+精? CD2【?研??】【WAV+CUE】.rar ...
2025-05-26 12:31:16,839 - INFO - could not find a 'file' executable, falling back to guess mime type by file extension
2025-05-26 12:31:16,848 - INFO - running "C:\Program Files\7-Zip\7z.EXE" x -aou -oD:\Music\Pascal\Work\?智成\_temp_ -- "D:\Music\Pascal\Work\?智成\?智成.2004 - 搜藏?智成 新歌+精? CD2【?研??】【WAV+CUE】.rar"
2025-05-26 12:31:19,914 - INFO - ... D:\Music\Pascal\Work\?智成\?智成.2004 - 搜藏?智成 新歌+精? CD2【?研??】【WAV+CUE】.rar extracted to `D:\Music\Pascal\Work\?智成\_temp_'.
2025-05-26 12:31:19,914 - INFO - 成功解压: 张智成.2004 - 搜藏张智成 新歌+精选 CD2【华研国际】【WAV+CUE】.rar
2025-05-26 12:31:19,915 - INFO - Extracting D:\Music\Pascal\Work\?智成\?智成.2006 - ?情?【?研??】【WAV+CUE】.rar ...
2025-05-26 12:31:19,915 - INFO - could not find a 'file' executable, falling back to guess mime type by file extension
2025-05-26 12:31:19,923 - INFO - running "C:\Program Files\7-Zip\7z.EXE" x -aou -oD:\Music\Pascal\Work\?智成\_temp_ -- "D:\Music\Pascal\Work\?智成\?智成.2006 - ?情?【?研??】【WAV+CUE】.rar"
2025-05-26 12:31:24,264 - INFO - ... D:\Music\Pascal\Work\?智成\?智成.2006 - ?情?【?研??】【WAV+CUE】.rar extracted to `D:\Music\Pascal\Work\?智成\_temp_'.
2025-05-26 12:31:24,265 - INFO - 成功解压: 张智成.2006 - 爱情树【华研国际】【WAV+CUE】.rar
2025-05-26 12:31:24,265 - INFO - Extracting D:\Music\Pascal\Work\?智成\?智成.2009 - 暗?（??版）【自成一格】【WAV+CUE】.rar ...
2025-05-26 12:31:24,265 - INFO - could not find a 'file' executable, falling back to guess mime type by file extension
2025-05-26 12:31:24,274 - INFO - running "C:\Program Files\7-Zip\7z.EXE" x -aou -oD:\Music\Pascal\Work\?智成\_temp_ -- "D:\Music\Pascal\Work\?智成\?智成.2009 - 暗?（??版）【自成一格】【WAV+CUE】.rar"
2025-05-26 12:31:25,870 - INFO - ... D:\Music\Pascal\Work\?智成\?智成.2009 - 暗?（??版）【自成一格】【WAV+CUE】.rar extracted to `D:\Music\Pascal\Work\?智成\_temp_'.
2025-05-26 12:31:25,871 - INFO - 成功解压: 张智成.2009 - 暗恋（马来版）【自成一格】【WAV+CUE】.rar
2025-05-26 12:31:25,871 - INFO - Extracting D:\Music\Pascal\Work\?智成\?智成.2013 - ?得,是最好的?忘【自成一格】【WAV+CUE】.rar ...
2025-05-26 12:31:25,871 - INFO - could not find a 'file' executable, falling back to guess mime type by file extension
2025-05-26 12:31:25,880 - INFO - running "C:\Program Files\7-Zip\7z.EXE" x -aou -oD:\Music\Pascal\Work\?智成\_temp_ -- "D:\Music\Pascal\Work\?智成\?智成.2013 - ?得,是最好的?忘【自成一格】【WAV+CUE】.rar"
2025-05-26 12:31:27,746 - INFO - ... D:\Music\Pascal\Work\?智成\?智成.2013 - ?得,是最好的?忘【自成一格】【WAV+CUE】.rar extracted to `D:\Music\Pascal\Work\?智成\_temp_'.
2025-05-26 12:31:27,746 - INFO - 成功解压: 张智成.2013 - 记得,是最好的遗忘【自成一格】【WAV+CUE】.rar
2025-05-26 12:31:27,747 - INFO - Extracting D:\Music\Pascal\Work\?智成\?智成.2017 - 18【海蝶】【FLAC分?】.rar ...
2025-05-26 12:31:27,747 - INFO - could not find a 'file' executable, falling back to guess mime type by file extension
2025-05-26 12:31:27,756 - INFO - running "C:\Program Files\7-Zip\7z.EXE" x -aou -oD:\Music\Pascal\Work\?智成\_temp_ -- "D:\Music\Pascal\Work\?智成\?智成.2017 - 18【海蝶】【FLAC分?】.rar"
2025-05-26 12:31:28,187 - INFO - ... D:\Music\Pascal\Work\?智成\?智成.2017 - 18【海蝶】【FLAC分?】.rar extracted to `D:\Music\Pascal\Work\?智成\_temp_'.
2025-05-26 12:31:28,189 - INFO - 成功解压: 张智成.2017 - 18【海蝶】【FLAC分轨】.rar
2025-05-26 12:31:28,189 - INFO - Extracting D:\Music\Pascal\Work\?智成\?智成.2019 - 你是不是?智成【海蝶音?】【FLAC分?】.rar ...
2025-05-26 12:31:28,189 - INFO - could not find a 'file' executable, falling back to guess mime type by file extension
2025-05-26 12:31:28,199 - INFO - running "C:\Program Files\7-Zip\7z.EXE" x -aou -oD:\Music\Pascal\Work\?智成\_temp_ -- "D:\Music\Pascal\Work\?智成\?智成.2019 - 你是不是?智成【海蝶音?】【FLAC分?】.rar"
2025-05-26 12:31:28,525 - INFO - ... D:\Music\Pascal\Work\?智成\?智成.2019 - 你是不是?智成【海蝶音?】【FLAC分?】.rar extracted to `D:\Music\Pascal\Work\?智成\_temp_'.
2025-05-26 12:31:28,525 - INFO - 成功解压: 张智成.2019 - 你是不是张智成【海蝶音乐】【FLAC分轨】.rar
2025-05-26 12:31:28,526 - INFO - 解压操作完成
2025-05-26 12:31:28,526 - INFO - 开始CUE文件转换...
2025-05-26 12:31:28,534 - INFO - 转换成功: D:\Music\Pascal\Work\张智成\2003-03-凌晨三点钟[台版][WAV]\张智成.-.[凌晨三点钟](2003)[WAV].cue -> D:\Music\Pascal\Work\张智成\2003-03-凌晨三点钟[台版][WAV]\张智成.-.[凌晨三点钟](2003)[WAV]UTF8.cue
2025-05-26 12:31:28,539 - INFO - 转换成功: D:\Music\Pascal\Work\张智成\2003-12-Listen to me[台版][WAV]\张智成.-.[Listen to me](2003)[WAV].cue -> D:\Music\Pascal\Work\张智成\2003-12-Listen to me[台版][WAV]\张智成.-.[Listen to me](2003)[WAV]UTF8.cue
2025-05-26 12:31:28,544 - INFO - 转换成功: D:\Music\Pascal\Work\张智成\2005-08-快乐[台版][WAV]\张智成.-.[快乐](2005)[WAV].cue -> D:\Music\Pascal\Work\张智成\2005-08-快乐[台版][WAV]\张智成.-.[快乐](2005)[WAV]UTF8.cue
2025-05-26 12:31:28,548 - INFO - 转换成功: D:\Music\Pascal\Work\张智成\2006-05-爱情树[台版][WAV]\张智成.-.[爱情树](2006)[WAV].cue -> D:\Music\Pascal\Work\张智成\2006-05-爱情树[台版][WAV]\张智成.-.[爱情树](2006)[WAV]UTF8.cue
2025-05-26 12:31:28,551 - INFO - 转换成功: D:\Music\Pascal\Work\张智成\2009-07-暗恋[台版][WAV]\张智成.-.[暗恋](2009)[WAV].cue -> D:\Music\Pascal\Work\张智成\2009-07-暗恋[台版][WAV]\张智成.-.[暗恋](2009)[WAV]UTF8.cue
2025-05-26 12:31:28,556 - INFO - 转换成功: D:\Music\Pascal\Work\张智成\2011-11-你爱上的...[台版][WAV]\张智成.-.[你爱上的..](2011)[WAV].cue -> D:\Music\Pascal\Work\张智成\2011-11-你爱上的...[台版][WAV]\张智成.-.[你爱上的..](2011)[WAV]UTF8.cue
2025-05-26 12:31:28,561 - ERROR - 处理失败: D:\Music\Pascal\Work\张智成\张智成.2002 - May I Love U【华研国际】【WAV+CUE】\张智成.-.[May I Love U](2002)[WAV].cue - 非GB2312/ANSI编码
2025-05-26 12:31:28,565 - INFO - 转换成功: D:\Music\Pascal\Work\张智成\张智成.2004 - 搜藏张智成 新歌+精选 CD1【华研国际】【WAV+CUE】\张智成.-.[搜藏 张智成 CD1](2004)[WAV].cue -> D:\Music\Pascal\Work\张智成\张智成.2004 - 搜藏张智成 新歌+精选 CD1【华研国际】【WAV+CUE】\张智成.-.[搜藏 张智成 CD1](2004)[WAV]UTF8.cue
2025-05-26 12:31:28,569 - INFO - 转换成功: D:\Music\Pascal\Work\张智成\张智成.2004 - 搜藏张智成 新歌+精选 CD2【华研国际】【WAV+CUE】\张智成.-.[搜藏 张智成 CD2](2004)[WAV].cue -> D:\Music\Pascal\Work\张智成\张智成.2004 - 搜藏张智成 新歌+精选 CD2【华研国际】【WAV+CUE】\张智成.-.[搜藏 张智成 CD2](2004)[WAV]UTF8.cue
2025-05-26 12:31:28,574 - INFO - 转换成功: D:\Music\Pascal\Work\张智成\张智成.2009 - 暗恋（马来版）【自成一格】【WAV+CUE】\张智成.-.[暗恋](2009)[WAV].cue -> D:\Music\Pascal\Work\张智成\张智成.2009 - 暗恋（马来版）【自成一格】【WAV+CUE】\张智成.-.[暗恋](2009)[WAV]UTF8.cue
2025-05-26 12:31:28,574 - INFO - CUE文件转换完成
2025-05-26 12:31:28,575 - INFO - 全部操作已完成
